{"/home/spidey/autobot/backend/index.js": {"path":"/home/spidey/autobot/backend/index.js","statementMap":{"0":{"start":{"line":1,"column":0},"end":{"line":1,"column":27}},"1":{"start":{"line":2,"column":16},"end":{"line":2,"column":34}},"2":{"start":{"line":3,"column":14},"end":{"line":3,"column":32}},"3":{"start":{"line":4,"column":17},"end":{"line":4,"column":30}},"4":{"start":{"line":5,"column":12},"end":{"line":5,"column":21}},"5":{"start":{"line":7,"column":20},"end":{"line":10,"column":2}},"6":{"start":{"line":12,"column":15},"end":{"line":18,"column":2}},"7":{"start":{"line":20,"column":0},"end":{"line":20,"column":24}},"8":{"start":{"line":23,"column":32},"end":{"line":32,"column":1}},"9":{"start":{"line":24,"column":4},"end":{"line":31,"column":5}},"10":{"start":{"line":25,"column":8},"end":{"line":25,"column":43}},"11":{"start":{"line":26,"column":8},"end":{"line":28,"column":9}},"12":{"start":{"line":27,"column":12},"end":{"line":27,"column":61}},"13":{"start":{"line":30,"column":8},"end":{"line":30,"column":59}},"14":{"start":{"line":34,"column":0},"end":{"line":43,"column":3}},"15":{"start":{"line":35,"column":27},"end":{"line":35,"column":35}},"16":{"start":{"line":36,"column":4},"end":{"line":42,"column":5}},"17":{"start":{"line":37,"column":8},"end":{"line":37,"column":42}},"18":{"start":{"line":38,"column":8},"end":{"line":38,"column":77}},"19":{"start":{"line":40,"column":8},"end":{"line":40,"column":29}},"20":{"start":{"line":41,"column":8},"end":{"line":41,"column":65}},"21":{"start":{"line":45,"column":0},"end":{"line":58,"column":3}},"22":{"start":{"line":46,"column":20},"end":{"line":46,"column":30}},"23":{"start":{"line":47,"column":4},"end":{"line":57,"column":5}},"24":{"start":{"line":48,"column":22},"end":{"line":48,"column":48}},"25":{"start":{"line":49,"column":8},"end":{"line":53,"column":9}},"26":{"start":{"line":50,"column":12},"end":{"line":50,"column":49}},"27":{"start":{"line":52,"column":12},"end":{"line":52,"column":63}},"28":{"start":{"line":55,"column":8},"end":{"line":55,"column":29}},"29":{"start":{"line":56,"column":8},"end":{"line":56,"column":65}},"30":{"start":{"line":60,"column":0},"end":{"line":68,"column":3}},"31":{"start":{"line":61,"column":4},"end":{"line":67,"column":5}},"32":{"start":{"line":62,"column":20},"end":{"line":62,"column":31}},"33":{"start":{"line":63,"column":8},"end":{"line":63,"column":47}},"34":{"start":{"line":65,"column":8},"end":{"line":65,"column":25}},"35":{"start":{"line":66,"column":8},"end":{"line":66,"column":67}},"36":{"start":{"line":70,"column":13},"end":{"line":70,"column":37}},"37":{"start":{"line":71,"column":0},"end":{"line":76,"column":1}},"38":{"start":{"line":72,"column":4},"end":{"line":75,"column":7}},"39":{"start":{"line":73,"column":8},"end":{"line":73,"column":40}},"40":{"start":{"line":74,"column":8},"end":{"line":74,"column":67}},"41":{"start":{"line":78,"column":0},"end":{"line":78,"column":21}}},"fnMap":{"0":{"name":"(anonymous_0)","decl":{"start":{"line":23,"column":32},"end":{"line":23,"column":33}},"loc":{"start":{"line":23,"column":44},"end":{"line":32,"column":1}},"line":23},"1":{"name":"(anonymous_1)","decl":{"start":{"line":34,"column":17},"end":{"line":34,"column":18}},"loc":{"start":{"line":34,"column":37},"end":{"line":43,"column":1}},"line":34},"2":{"name":"(anonymous_2)","decl":{"start":{"line":45,"column":21},"end":{"line":45,"column":22}},"loc":{"start":{"line":45,"column":41},"end":{"line":58,"column":1}},"line":45},"3":{"name":"(anonymous_3)","decl":{"start":{"line":60,"column":16},"end":{"line":60,"column":17}},"loc":{"start":{"line":60,"column":36},"end":{"line":68,"column":1}},"line":60},"4":{"name":"(anonymous_4)","decl":{"start":{"line":72,"column":21},"end":{"line":72,"column":22}},"loc":{"start":{"line":72,"column":33},"end":{"line":75,"column":5}},"line":72}},"branchMap":{"0":{"loc":{"start":{"line":26,"column":8},"end":{"line":28,"column":9}},"type":"if","locations":[{"start":{"line":26,"column":8},"end":{"line":28,"column":9}},{"start":{},"end":{}}],"line":26},"1":{"loc":{"start":{"line":49,"column":8},"end":{"line":53,"column":9}},"type":"if","locations":[{"start":{"line":49,"column":8},"end":{"line":53,"column":9}},{"start":{"line":51,"column":15},"end":{"line":53,"column":9}}],"line":49},"2":{"loc":{"start":{"line":70,"column":13},"end":{"line":70,"column":37}},"type":"binary-expr","locations":[{"start":{"line":70,"column":13},"end":{"line":70,"column":29}},{"start":{"line":70,"column":33},"end":{"line":70,"column":37}}],"line":70},"3":{"loc":{"start":{"line":71,"column":0},"end":{"line":76,"column":1}},"type":"if","locations":[{"start":{"line":71,"column":0},"end":{"line":76,"column":1}},{"start":{},"end":{}}],"line":71}},"s":{"0":1,"1":1,"2":1,"3":1,"4":1,"5":1,"6":1,"7":1,"8":1,"9":0,"10":0,"11":0,"12":0,"13":0,"14":1,"15":0,"16":0,"17":0,"18":0,"19":0,"20":0,"21":1,"22":0,"23":0,"24":0,"25":0,"26":0,"27":0,"28":0,"29":0,"30":1,"31":1,"32":1,"33":1,"34":0,"35":0,"36":1,"37":1,"38":0,"39":0,"40":0,"41":1},"f":{"0":0,"1":0,"2":0,"3":1,"4":0},"b":{"0":[0,0],"1":[0,0],"2":[1,0],"3":[0,1]},"_coverageSchema":"1a1c01bbd47fc00a2c39e90264f33305004495a9","hash":"75ce1c9e3759df309e26cfb9c2e6841485f48f54"}
}
